0 info it worked if it ends with ok
1 verbose cli [ '/usr/local/bin/node', '/usr/local/bin/npm', 'install', 'npm' ]
2 info using npm@1.4.23
3 info using node@v0.10.30
4 verbose cache add [ 'npm', null ]
5 verbose cache add name=undefined spec="npm" args=["npm",null]
6 verbose parsed url { protocol: null,
6 verbose parsed url   slashes: null,
6 verbose parsed url   auth: null,
6 verbose parsed url   host: null,
6 verbose parsed url   port: null,
6 verbose parsed url   hostname: null,
6 verbose parsed url   hash: null,
6 verbose parsed url   search: null,
6 verbose parsed url   query: null,
6 verbose parsed url   pathname: 'npm',
6 verbose parsed url   path: 'npm',
6 verbose parsed url   href: 'npm' }
7 silly lockFile 660051d1-npm npm
8 verbose lock npm /Users/inazuma15/.npm/660051d1-npm.lock
9 silly lockFile 660051d1-npm npm
10 silly lockFile 660051d1-npm npm
11 verbose addNamed [ 'npm', '' ]
12 verbose addNamed [ null, '*' ]
13 silly lockFile 2f990b75-npm npm@
14 verbose lock npm@ /Users/inazuma15/.npm/2f990b75-npm.lock
15 silly addNameRange { name: 'npm', range: '*', hasData: false }
16 verbose request where is /npm
17 verbose request registry https://registry.npmjs.org/
18 verbose request id ed44741c5a5385b8
19 verbose url raw /npm
20 verbose url resolving [ 'https://registry.npmjs.org/', './npm' ]
21 verbose url resolved https://registry.npmjs.org/npm
22 verbose request where is https://registry.npmjs.org/npm
23 info trying registry request attempt 1 at 19:50:06
24 verbose etag "30JAYVAGGYE3MEAK42FG0MYMZ"
25 http GET https://registry.npmjs.org/npm
26 http 304 https://registry.npmjs.org/npm
27 silly registry.get cb [ 304,
27 silly registry.get   { date: 'Wed, 10 Sep 2014 10:50:07 GMT',
27 silly registry.get     server: 'Apache',
27 silly registry.get     via: '1.1 varnish',
27 silly registry.get     'last-modified': 'Wed, 10 Sep 2014 10:42:22 GMT',
27 silly registry.get     'cache-control': 'max-age=60',
27 silly registry.get     etag: '"30JAYVAGGYE3MEAK42FG0MYMZ"',
27 silly registry.get     'x-served-by': 'cache-ty68-TYO',
27 silly registry.get     'x-cache': 'HIT',
27 silly registry.get     'x-cache-hits': '4',
27 silly registry.get     'x-timer': 'S1410346207.282580,VS0,VE0',
27 silly registry.get     vary: 'Accept',
27 silly registry.get     'content-length': '0',
27 silly registry.get     'keep-alive': 'timeout=10, max=50',
27 silly registry.get     connection: 'Keep-Alive' } ]
28 verbose etag https://registry.npmjs.org/npm from cache
29 silly addNameRange number 2 { name: 'npm', range: '*', hasData: true }
30 silly addNameRange versions [ 'npm',
30 silly addNameRange   [ '1.1.25',
30 silly addNameRange     '1.2.32',
30 silly addNameRange     '1.3.2',
30 silly addNameRange     '1.3.4',
30 silly addNameRange     '1.2.20',
30 silly addNameRange     '1.2.21',
30 silly addNameRange     '1.2.22',
30 silly addNameRange     '1.2.23',
30 silly addNameRange     '1.2.24',
30 silly addNameRange     '1.2.25',
30 silly addNameRange     '1.2.27',
30 silly addNameRange     '1.2.28',
30 silly addNameRange     '1.2.30',
30 silly addNameRange     '1.2.31',
30 silly addNameRange     '1.3.0',
30 silly addNameRange     '1.3.1',
30 silly addNameRange     '1.2.19',
30 silly addNameRange     '1.1.70',
30 silly addNameRange     '1.1.71',
30 silly addNameRange     '1.3.5',
30 silly addNameRange     '1.3.6',
30 silly addNameRange     '1.3.7',
30 silly addNameRange     '1.3.8',
30 silly addNameRange     '1.3.9',
30 silly addNameRange     '1.3.10',
30 silly addNameRange     '1.3.11',
30 silly addNameRange     '1.3.12',
30 silly addNameRange     '1.3.13',
30 silly addNameRange     '1.3.14',
30 silly addNameRange     '1.3.15',
30 silly addNameRange     '1.3.16',
30 silly addNameRange     '1.3.17',
30 silly addNameRange     '1.3.18',
30 silly addNameRange     '1.3.20',
30 silly addNameRange     '1.3.21',
30 silly addNameRange     '1.3.22',
30 silly addNameRange     '1.3.23',
30 silly addNameRange     '1.3.24',
30 silly addNameRange     '1.3.25',
30 silly addNameRange     '1.3.26',
30 silly addNameRange     '1.4.0',
30 silly addNameRange     '1.4.1',
30 silly addNameRange     '1.4.2',
30 silly addNameRange     '1.4.3',
30 silly addNameRange     '1.4.4',
30 silly addNameRange     '1.4.5',
30 silly addNameRange     '1.4.6',
30 silly addNameRange     '1.4.7',
30 silly addNameRange     '1.4.8',
30 silly addNameRange     '1.4.9',
30 silly addNameRange     '1.4.10',
30 silly addNameRange     '1.4.11',
30 silly addNameRange     '1.4.12',
30 silly addNameRange     '1.4.13',
30 silly addNameRange     '1.4.14',
30 silly addNameRange     '1.4.15',
30 silly addNameRange     '1.4.16',
30 silly addNameRange     '1.2.8000',
30 silly addNameRange     '1.4.17',
30 silly addNameRange     '1.4.18',
30 silly addNameRange     '1.4.19',
30 silly addNameRange     '1.5.0-alpha-0',
30 silly addNameRange     '1.5.0-alpha-1',
30 silly addNameRange     '1.4.20',
30 silly addNameRange     '1.5.0-alpha-2',
30 silly addNameRange     '1.4.21',
30 silly addNameRange     '1.5.0-alpha-3',
30 silly addNameRange     '1.5.0-alpha-4',
30 silly addNameRange     '2.0.0-alpha-5',
30 silly addNameRange     '1.4.22',
30 silly addNameRange     '1.4.23',
30 silly addNameRange     '2.0.0-alpha.6.0',
30 silly addNameRange     '1.4.24',
30 silly addNameRange     '2.0.0-alpha.6',
30 silly addNameRange     '2.0.0-alpha.7',
30 silly addNameRange     '2.0.0-beta.0',
30 silly addNameRange     '1.4.25',
30 silly addNameRange     '2.0.0-beta.1',
30 silly addNameRange     '1.4.26',
30 silly addNameRange     '2.0.0-beta.2',
30 silly addNameRange     '1.4.27',
30 silly addNameRange     '2.0.0-beta.3' ] ]
31 verbose addNamed [ 'npm', '1.4.26' ]
32 verbose addNamed [ '1.4.26', '1.4.26' ]
33 silly lockFile 861a67f2-npm-1-4-26 npm@1.4.26
34 verbose lock npm@1.4.26 /Users/inazuma15/.npm/861a67f2-npm-1-4-26.lock
35 silly lockFile f58defe7-try-npmjs-org-npm-npm-1-4-26-tgz https://registry.npmjs.org/npm/-/npm-1.4.26.tgz
36 verbose lock https://registry.npmjs.org/npm/-/npm-1.4.26.tgz /Users/inazuma15/.npm/f58defe7-try-npmjs-org-npm-npm-1-4-26-tgz.lock
37 verbose addRemoteTarball [ 'https://registry.npmjs.org/npm/-/npm-1.4.26.tgz',
37 verbose addRemoteTarball   '5bf0125f596ff712056d07b09d1e73e572a74d0c' ]
38 info retry fetch attempt 1 at 19:50:07
39 verbose fetch to= /var/folders/sc/x7wwlw4j1d7bvxmprcygdljr0000gn/T/npm-20675-DLQcpFaH/registry.npmjs.org/npm/-/npm-1.4.26.tgz
40 http GET https://registry.npmjs.org/npm/-/npm-1.4.26.tgz
41 http 200 https://registry.npmjs.org/npm/-/npm-1.4.26.tgz
42 silly lockFile f58defe7-try-npmjs-org-npm-npm-1-4-26-tgz https://registry.npmjs.org/npm/-/npm-1.4.26.tgz
43 silly lockFile f58defe7-try-npmjs-org-npm-npm-1-4-26-tgz https://registry.npmjs.org/npm/-/npm-1.4.26.tgz
44 silly lockFile 861a67f2-npm-1-4-26 npm@1.4.26
45 silly lockFile 861a67f2-npm-1-4-26 npm@1.4.26
46 silly lockFile 2f990b75-npm npm@
47 silly lockFile 2f990b75-npm npm@
48 error Error: EACCES, mkdir '/Users/inazuma15/.npm/npm/1.4.26'
48 error  { [Error: EACCES, mkdir '/Users/inazuma15/.npm/npm/1.4.26']
48 error   errno: 3,
48 error   code: 'EACCES',
48 error   path: '/Users/inazuma15/.npm/npm/1.4.26' }
49 error Please try running this command again as root/Administrator.
50 error System Darwin 13.3.0
51 error command "/usr/local/bin/node" "/usr/local/bin/npm" "install" "npm"
52 error cwd /Users/inazuma15/web/www/inazumatv.js.library/Sankaku/sankaku.js
53 error node -v v0.10.30
54 error npm -v 1.4.23
55 error path /Users/inazuma15/.npm/npm/1.4.26
56 error code EACCES
57 error errno 3
58 error stack Error: EACCES, mkdir '/Users/inazuma15/.npm/npm/1.4.26'
59 verbose exit [ 3, true ]
